1771572223072	geckodriver	INFO	Listening on 127.0.0.1:52881
1771572226141	mozrunner::runner	INFO	Running command: "C:\\Users\\Sujan Kumar Reddy\\.cache\\selenium\\firefox\\win64\\147.0.4\\firefox.exe" "--marionette" "--rem ... "--remote-allow-hosts" "localhost" "-no-remote" "-profile" "C:\\Users\\SUJANK~1\\AppData\\Local\\Temp\\rust_mozprofileBuayhX"
console.warn: services.settings: Ignoring preference override of remote settings server
console.warn: services.settings: Allow by setting MOZ_REMOTE_SETTINGS_DEVTOOLS=1 in the environment
Dynamically enable window occlusion 0
1771572226496	Marionette	INFO	Marionette enabled
1771572226648	Marionette	INFO	Listening on port 52889
Read port: 52889
WebDriver BiDi listening on ws://127.0.0.1:52882
1771572226842	RemoteAgent	WARN	TLS certificate errors will be ignored for this session
JavaScript error: moz-src:///browser/components/search/SearchOneOffs.sys.mjs, line 392: TypeError: aEngine.getIconURL is not a function
console.warn: WindowsJumpLists: "Failed to fetch favicon for " "https://the-internet.herokuapp.com/windows/new" [Exception... "Failure"  nsresult: "0x80004005 (NS_ERROR_FAILURE)"  location: "<unknown>"  data: no]
console.warn: WindowsJumpLists: "Failed to fetch favicon for " "https://the-internet.herokuapp.com/windows" [Exception... "Failure"  nsresult: "0x80004005 (NS_ERROR_FAILURE)"  location: "<unknown>"  data: no]
console.warn: WindowsJumpLists: "Failed to fetch favicon for " "https://the-internet.herokuapp.com/windows/new" [Exception... "Failure"  nsresult: "0x80004005 (NS_ERROR_FAILURE)"  location: "<unknown>"  data: no]
console.warn: WindowsJumpLists: "Failed to fetch favicon for " "https://the-internet.herokuapp.com/windows" [Exception... "Failure"  nsresult: "0x80004005 (NS_ERROR_FAILURE)"  location: "<unknown>"  data: no]
1771572572277	Marionette	INFO	Stopped listening on port 52889
JavaScript error: resource://gre/modules/PrivateBrowsingUtils.sys.mjs, line 19: TypeError: can't access property "isChromeWindow", aWindow is null
JavaScript error: resource://gre/modules/PrivateBrowsingUtils.sys.mjs, line 19: TypeError: can't access property "isChromeWindow", aWindow is null
Dynamically enable window occlusion 1
console.warn: TopSitesFeed: Failed to fetch data from MARS server: NetworkError when attempting to fetch resource.
