1771484806454	geckodriver	INFO	Listening on 127.0.0.1:63675
1771484809571	mozrunner::runner	INFO	Running command: "C:\\Users\\Sujan Kumar Reddy\\.cache\\selenium\\firefox\\win64\\147.0.4\\firefox.exe" "--marionette" "--rem ... "--remote-allow-hosts" "localhost" "-no-remote" "-profile" "C:\\Users\\SUJANK~1\\AppData\\Local\\Temp\\rust_mozprofilejtnFHQ"
console.warn: services.settings: Ignoring preference override of remote settings server
console.warn: services.settings: Allow by setting MOZ_REMOTE_SETTINGS_DEVTOOLS=1 in the environment
Dynamically enable window occlusion 0
1771484809919	Marionette	INFO	Marionette enabled
1771484810034	Marionette	INFO	Listening on port 63683
Read port: 63683
WebDriver BiDi listening on ws://127.0.0.1:63676
1771484810186	RemoteAgent	WARN	TLS certificate errors will be ignored for this session
console.error: [Exception... "Favicon at "https://rahulshettyacademy.com/AutomationPractice/images/rs_logo.png" is too large."  nsresult: "0x80004005 (NS_ERROR_FAILURE)"  location: "JS frame :: resource:///modules/FaviconLoader.sys.mjs :: decodeImage :: line 85"  data: no]
1771484823921	RemoteAgent	WARN	TimedPromise timed out after 500 ms: stacktrace:
TimedPromise/<@chrome://remote/content/shared/Sync.sys.mjs:448:24
TimedPromise@chrome://remote/content/shared/Sync.sys.mjs:432:10
interaction.flushEventLoop@chrome://remote/content/marionette/interaction.sys.mjs:465:10
webdriverClickElement@chrome://remote/content/marionette/interaction.sys.mjs:218:33
1771484827239	RemoteAgent	WARN	TimedPromise timed out after 500 ms: stacktrace:
TimedPromise/<@chrome://remote/content/shared/Sync.sys.mjs:448:24
TimedPromise@chrome://remote/content/shared/Sync.sys.mjs:432:10
interaction.flushEventLoop@chrome://remote/content/marionette/interaction.sys.mjs:465:10
webdriverClickElement@chrome://remote/content/marionette/interaction.sys.mjs:218:33
1771484829857	Marionette	INFO	Stopped listening on port 63683
Dynamically enable window occlusion 1
console.warn: TopSitesFeed: Failed to fetch data from MARS server: NetworkError when attempting to fetch resource.
